c:\users\z\source\repos\zomb\zomb\debug\vc141.pdb
c:\users\z\source\repos\zomb\zomb\debug\vc141.idb
c:\users\z\source\repos\zomb\zomb\debug\textures.obj
c:\users\z\source\repos\zomb\zomb\debug\anim.obj
c:\users\z\source\repos\zomb\zomb\debug\main.obj
c:\users\z\source\repos\zomb\zomb\debug\player.obj
c:\users\z\source\repos\zomb\zomb\debug\gamestate.obj
c:\users\z\source\repos\zomb\zomb\debug\circleobj.obj
c:\users\z\source\repos\zomb\zomb\debug\playershot.obj
c:\users\z\source\repos\zomb\zomb\debug\zomb1.obj
c:\users\z\source\repos\zomb\zomb\debug\vectorutil.obj
c:\users\z\source\repos\zomb\zomb\debug\enemy.obj
c:\users\z\source\repos\zomb\zomb\debug\runner.obj
c:\users\z\source\repos\zomb\zomb\debug\livingobject.obj
c:\users\z\source\repos\zomb\zomb\debug\zrandom.obj
c:\users\z\source\repos\zomb\zomb\debug\button.obj
c:\users\z\source\repos\zomb\zomb\debug\media.obj
c:\users\z\source\repos\zomb\zomb\debug\bigboi.obj
c:\users\z\source\repos\zomb\zomb\debug\projectile.obj
c:\users\z\source\repos\zomb\zomb\debug\bigboishot.obj
c:\users\z\source\repos\zomb\zomb\debug\boss1.obj
c:\users\z\source\repos\zomb\zomb\debug\util.obj
c:\users\z\source\repos\zomb\zomb\debug\sciencezomb.obj
c:\users\z\source\repos\zomb\zomb\debug\zap.obj
c:\users\z\source\repos\zomb\zomb\debug\enemyshield.obj
c:\users\z\source\repos\zomb\zomb\debug\enemyspike.obj
c:\users\z\source\repos\zomb\zomb\debug\state.obj
c:\users\z\source\repos\zomb\zomb\debug\levelselectstate.obj
c:\users\z\source\repos\zomb\zomb\debug\controller.obj
c:\users\z\source\repos\zomb\zomb\debug\stats.obj
c:\users\z\source\repos\zomb\zomb\debug\item.obj
c:\users\z\source\repos\zomb\zomb\debug\inventory.obj
c:\users\z\source\repos\zomb\zomb\debug\weapon.obj
c:\users\z\source\repos\zomb\zomb\debug\playershotnormal.obj
c:\users\z\source\repos\zomb\zomb\debug\playerprojectile.obj
c:\users\z\source\repos\zomb\zomb\debug\pistol.obj
c:\users\z\source\repos\zomb\zomb\debug\paralysisdefender.obj
c:\users\z\source\repos\zomb\zomb\debug\inventorystate.obj
c:\users\z\source\repos\zomb\zomb\debug\stathoverwindow.obj
c:\users\z\source\repos\zomb\zomb\debug\itemcrate.obj
c:\users\z\source\repos\zomb\zomb\debug\special.obj
c:\users\z\source\repos\zomb\zomb\debug\selectricburst.obj
c:\users\z\source\repos\zomb\zomb\debug\specialupgradetreestate.obj
c:\users\z\source\repos\zomb\zomb\debug\specialcontroller.obj
c:\users\z\source\repos\zomb\zomb\debug\levels.obj
c:\users\z\source\repos\zomb\zomb\debug\sdash.obj
c:\users\z\source\repos\zomb\zomb\debug\sdashshotgun.obj
c:\users\z\source\repos\zomb\zomb\debug\sdash_multiple_shotgun.obj
c:\users\z\source\repos\zomb\zomb\debug\footwalk.obj
c:\users\z\source\repos\zomb\zomb\debug\enemystats.obj
c:\users\z\source\repos\zomb\zomb\debug\enemyshotnormal.obj
c:\users\z\source\repos\zomb\zomb\debug\enemyprojectile.obj
c:\users\z\source\repos\zomb\zomb\debug\zombiefarmer.obj
c:\users\z\source\repos\zomb\zomb\debug\shotgun.obj
c:\users\z\source\repos\zomb\zomb\debug\electricstaff.obj
c:\users\z\source\repos\zomb\zomb\debug\rustypistol.obj
c:\users\z\source\repos\zomb\zomb\debug\zomb.pch
c:\users\z\source\repos\zomb\zomb\debug\pch.obj
c:\users\z\source\repos\zomb\zomb\debug\reinforcedzomb.obj
c:\users\z\source\repos\zomb\zomb\debug\loadingstate.obj
c:\users\z\source\repos\zomb\zomb\debug\cavething.obj
c:\users\z\source\repos\zomb\zomb\debug\rockgolem.obj
c:\users\z\source\repos\zomb\zomb\debug\playershotlife.obj
c:\users\z\source\repos\zomb\zomb\debug\playershotbouncing.obj
c:\users\z\source\repos\zomb\zomb\debug\earthstaff.obj
c:\users\z\source\repos\zomb\debug\zomb.exe
c:\users\z\source\repos\zomb\debug\zomb.ilk
c:\users\z\source\repos\zomb\debug\zomb.pdb
c:\users\z\source\repos\zomb\zomb\debug\zomb.res
c:\users\z\source\repos\zomb\zomb\debug\inventory.obj.enc
c:\users\z\source\repos\zomb\zomb\debug\inventorystate.obj.enc
c:\users\z\source\repos\zomb\zomb\debug\anim.nativecodeanalysis.xml
c:\users\z\source\repos\zomb\zomb\debug\pch.nativecodeanalysis.xml
c:\users\z\source\repos\zomb\zomb\debug\textures.nativecodeanalysis.xml
c:\users\z\source\repos\zomb\zomb\debug\zomb.tlog\cl.command.1.tlog
c:\users\z\source\repos\zomb\zomb\debug\zomb.tlog\cl.read.1.tlog
c:\users\z\source\repos\zomb\zomb\debug\zomb.tlog\cl.write.1.tlog
c:\users\z\source\repos\zomb\zomb\debug\zomb.tlog\link.command.1.tlog
c:\users\z\source\repos\zomb\zomb\debug\zomb.tlog\link.read.1.tlog
c:\users\z\source\repos\zomb\zomb\debug\zomb.tlog\link.write.1.tlog
c:\users\z\source\repos\zomb\zomb\debug\zomb.tlog\rc.command.1.tlog
c:\users\z\source\repos\zomb\zomb\debug\zomb.tlog\rc.read.1.tlog
c:\users\z\source\repos\zomb\zomb\debug\zomb.tlog\rc.write.1.tlog
